2025-04-02 10:23:00 | DEBUG | repo=tictactoe | action=commit
2025-02-12 19:21:00 | WARN | repo=tictactoe | action=commit
2025-08-23 17:50:00 | DEBUG | repo=tictactoe | action=commit
2025-08-26 18:28:00 | DEBUG | repo=tictactoe | action=commit
2025-11-12 15:50:00 | INFO | repo=tictactoe | action=commit
2025-02-10 18:56:00 | WARN | repo=tictactoe | action=commit
2025-10-11 07:39:00 | DEBUG | repo=tictactoe | action=commit
2025-03-26 15:02:00 | INFO | repo=tictactoe | action=pull
2025-01-11 13:21:00 | DEBUG | repo=tictactoe | action=pull
2025-01-20 19:52:00 | DEBUG | repo=tictactoe | action=commit
2025-02-24 12:26:00 | WARN | repo=tictactoe | action=commit
2025-12-18 21:31:00 | DEBUG | repo=tictactoe | action=commit
2025-12-15 20:28:00 | WARN | repo=tictactoe | action=commit
2025-09-23 08:36:00 | WARN | repo=tictactoe | action=commit
2025-05-22 18:27:00 | DEBUG | repo=tictactoe | action=pull
2025-04-10 15:11:00 | DEBUG | repo=tictactoe | action=commit
2025-06-20 07:57:00 | INFO | repo=tictactoe | action=commit
2025-05-05 19:14:00 | INFO | repo=tictactoe | action=commit
2025-01-07 18:16:00 | WARN | repo=tictactoe | action=pull
2025-04-07 12:29:00 | DEBUG | repo=tictactoe | action=pull
2025-08-26 15:55:00 | DEBUG | repo=tictactoe | action=commit
2025-11-21 07:22:00 | DEBUG | repo=tictactoe | action=commit
2025-08-02 09:50:00 | WARN | repo=tictactoe | action=pull
2025-06-15 19:40:00 | WARN | repo=tictactoe | action=commit
2025-10-25 12:18:00 | WARN | repo=tictactoe | action=commit
2025-07-06 09:01:00 | WARN | repo=tictactoe | action=commit
2025-12-15 09:27:00 | INFO | repo=tictactoe | action=test | passed=true
2025-11-20 08:28:00 | WARN | repo=tictactoe | action=edit | files=2
2025-01-10 13:59:00 | INFO | repo=tictactoe | action=pull
2025-02-03 18:51:00 | DEBUG | repo=tictactoe | action=commit
2025-06-12 19:00:00 | WARN | repo=tictactoe | action=commit
2025-07-20 11:06:00 | DEBUG | repo=tictactoe | action=commit
2025-05-18 21:10:00 | INFO | repo=tictactoe | action=commit
2025-12-25 09:07:00 | INFO | repo=tictactoe | action=edit | files=5
2025-12-23 13:21:00 | WARN | repo=tictactoe | action=pull
2025-02-04 17:51:00 | WARN | repo=tictactoe | action=commit
2025-05-06 07:36:00 | WARN | repo=tictactoe | action=pull
2025-09-04 17:25:00 | INFO | repo=tictactoe | action=commit
2025-03-12 18:22:00 | DEBUG | repo=tictactoe | action=commit
2025-11-10 17:56:00 | DEBUG | repo=tictactoe | action=commit
2025-02-01 14:34:00 | DEBUG | repo=tictactoe | action=commit
2025-06-13 16:24:00 | DEBUG | repo=tictactoe | action=pull
2025-05-15 16:27:00 | WARN | repo=tictactoe | action=commit
2025-02-06 12:58:00 | INFO | repo=tictactoe | action=commit
2025-02-04 20:18:00 | INFO | repo=tictactoe | action=commit
2025-04-02 15:04:00 | INFO | repo=tictactoe | action=test | passed=true
2025-10-23 08:35:00 | INFO | repo=tictactoe | action=commit
2025-04-05 13:31:00 | INFO | repo=tictactoe | action=commit
2025-09-12 14:02:00 | WARN | repo=tictactoe | action=commit
2025-03-16 09:20:00 | DEBUG | repo=tictactoe | action=test | passed=true
2025-10-19 20:27:00 | WARN | repo=tictactoe | action=commit
2025-12-10 10:03:00 | WARN | repo=tictactoe | action=commit
2025-11-14 16:46:00 | DEBUG | repo=tictactoe | action=commit
2025-02-25 10:00:00 | WARN | repo=tictactoe | action=commit
2025-08-20 17:08:00 | WARN | repo=tictactoe | action=pull
2025-04-24 10:07:00 | INFO | repo=tictactoe | action=commit
2025-10-18 16:17:00 | WARN | repo=tictactoe | action=commit
2025-07-13 20:28:00 | INFO | repo=tictactoe | action=edit | files=5
2025-02-22 11:21:00 | WARN | repo=tictactoe | action=commit
2025-06-12 10:05:00 | WARN | repo=tictactoe | action=commit
2025-11-27 11:47:00 | INFO | repo=tictactoe | action=commit
2025-11-09 10:41:00 | WARN | repo=tictactoe | action=commit
2025-08-09 20:40:00 | WARN | repo=tictactoe | action=commit
2025-05-04 08:29:00 | INFO | repo=tictactoe | action=commit
2025-12-13 09:18:00 | INFO | repo=tictactoe | action=commit
2025-06-25 17:29:00 | INFO | repo=tictactoe | action=commit
2025-09-28 07:26:00 | DEBUG | repo=tictactoe | action=edit | files=3
2025-08-23 08:53:00 | DEBUG | repo=tictactoe | action=commit
2025-08-24 19:30:00 | INFO | repo=tictactoe | action=commit
2025-07-01 20:07:00 | INFO | repo=tictactoe | action=commit
2025-01-26 13:20:00 | INFO | repo=tictactoe | action=commit
2025-01-16 09:25:00 | DEBUG | repo=tictactoe | action=commit
2025-11-25 20:17:00 | INFO | repo=tictactoe | action=test | passed=true
2025-06-07 16:21:00 | WARN | repo=tictactoe | action=commit
2025-10-20 15:15:00 | INFO | repo=tictactoe | action=commit
2025-08-16 21:10:00 | INFO | repo=tictactoe | action=commit
2025-05-20 07:43:00 | DEBUG | repo=tictactoe | action=commit
2025-10-10 20:13:00 | INFO | repo=tictactoe | action=commit
2025-12-20 13:35:00 | INFO | repo=tictactoe | action=edit | files=3
2025-03-04 10:04:00 | DEBUG | repo=tictactoe | action=commit
2025-04-14 11:26:00 | WARN | repo=tictactoe | action=commit
2025-09-07 09:10:00 | DEBUG | repo=tictactoe | action=commit
2025-01-12 08:05:00 | INFO | repo=tictactoe | action=edit | files=3
2025-11-17 17:46:00 | INFO | repo=tictactoe | action=pull
2025-07-23 18:21:00 | WARN | repo=tictactoe | action=commit
2025-11-20 21:52:00 | DEBUG | repo=tictactoe | action=commit
2025-05-15 08:33:00 | INFO | repo=tictactoe | action=commit
2025-07-07 16:03:00 | INFO | repo=tictactoe | action=commit
2025-10-01 20:05:00 | INFO | repo=tictactoe | action=commit
2025-10-05 15:52:00 | INFO | repo=tictactoe | action=commit
2025-12-22 15:06:00 | DEBUG | repo=tictactoe | action=commit
2025-02-03 08:30:00 | DEBUG | repo=tictactoe | action=test | passed=true
2025-01-16 17:00:00 | DEBUG | repo=tictactoe | action=commit
2025-09-17 10:49:00 | WARN | repo=tictactoe | action=commit
2025-02-20 09:29:00 | WARN | repo=tictactoe | action=test | passed=true
2025-06-12 17:12:00 | WARN | repo=tictactoe | action=commit
2025-05-22 18:47:00 | DEBUG | repo=tictactoe | action=commit
2025-09-06 08:34:00 | WARN | repo=tictactoe | action=commit
2025-02-17 09:34:00 | DEBUG | repo=tictactoe | action=commit
2025-04-10 20:06:00 | DEBUG | repo=tictactoe | action=commit
2025-05-20 16:12:00 | DEBUG | repo=tictactoe | action=commit
2025-02-27 08:18:00 | DEBUG | repo=tictactoe | action=commit
2025-04-08 20:54:00 | WARN | repo=tictactoe | action=commit
2025-05-03 12:02:00 | WARN | repo=tictactoe | action=commit
2025-08-07 09:06:00 | INFO | repo=tictactoe | action=commit
2025-11-15 19:55:00 | WARN | repo=tictactoe | action=commit
2025-11-02 12:56:00 | DEBUG | repo=tictactoe | action=pull
2025-12-16 14:47:00 | WARN | repo=tictactoe | action=pull
2025-01-10 13:18:00 | WARN | repo=tictactoe | action=commit
2025-08-25 19:01:00 | DEBUG | repo=tictactoe | action=commit
2025-06-11 12:34:00 | DEBUG | repo=tictactoe | action=commit
2025-02-06 13:29:00 | INFO | repo=tictactoe | action=commit
2025-03-03 13:36:00 | INFO | repo=tictactoe | action=commit
2025-02-01 21:51:00 | WARN | repo=tictactoe | action=commit
2025-06-23 21:58:00 | WARN | repo=tictactoe | action=commit
